<?xml version="1.0" encoding="UTF-8"?>
<testsuite xmlns:xsi="http://www.w3.org/2001/XMLSchema-instance" xsi:noNamespaceSchemaLocation="https://maven.apache.org/surefire/maven-surefire-plugin/xsd/surefire-test-report.xsd" name="com.parkit.parkingsystem.service.FareCalculatorServiceTest" time="0.012" tests="13" errors="0" skipped="0" failures="0">
  <properties>
    <property name="awt.toolkit" value="sun.awt.X11.XToolkit"/>
    <property name="file.encoding.pkg" value="sun.io"/>
    <property name="java.specification.version" value="1.8"/>
    <property name="sun.cpu.isalist" value=""/>
    <property name="sun.jnu.encoding" value="UTF-8"/>
    <property name="java.class.path" value="/home/slingshot/IdeaProjects/Projet4_OC/park/target/test-classes:/home/slingshot/IdeaProjects/Projet4_OC/park/target/classes:/home/slingshot/.m2/repository/org/apache/logging/log4j/log4j-api/2.12.1/log4j-api-2.12.1.jar:/home/slingshot/.m2/repository/org/apache/logging/log4j/log4j-core/2.12.1/log4j-core-2.12.1.jar:/home/slingshot/.m2/repository/mysql/mysql-connector-java/8.0.17/mysql-connector-java-8.0.17.jar:/home/slingshot/.m2/repository/com/google/protobuf/protobuf-java/3.6.1/protobuf-java-3.6.1.jar:/home/slingshot/.m2/repository/org/junit/jupiter/junit-jupiter-api/5.5.1/junit-jupiter-api-5.5.1.jar:/home/slingshot/.m2/repository/org/apiguardian/apiguardian-api/1.1.0/apiguardian-api-1.1.0.jar:/home/slingshot/.m2/repository/org/opentest4j/opentest4j/1.2.0/opentest4j-1.2.0.jar:/home/slingshot/.m2/repository/org/junit/platform/junit-platform-commons/1.5.1/junit-platform-commons-1.5.1.jar:/home/slingshot/.m2/repository/org/junit/jupiter/junit-jupiter-engine/5.5.1/junit-jupiter-engine-5.5.1.jar:/home/slingshot/.m2/repository/org/junit/platform/junit-platform-engine/1.5.1/junit-platform-engine-1.5.1.jar:/home/slingshot/.m2/repository/org/mockito/mockito-junit-jupiter/3.1.0/mockito-junit-jupiter-3.1.0.jar:/home/slingshot/.m2/repository/org/mockito/mockito-core/3.1.0/mockito-core-3.1.0.jar:/home/slingshot/.m2/repository/net/bytebuddy/byte-buddy/1.9.10/byte-buddy-1.9.10.jar:/home/slingshot/.m2/repository/net/bytebuddy/byte-buddy-agent/1.9.10/byte-buddy-agent-1.9.10.jar:/home/slingshot/.m2/repository/org/objenesis/objenesis/2.6/objenesis-2.6.jar:/home/slingshot/.m2/repository/org/jacoco/jacoco-maven-plugin/0.8.5/jacoco-maven-plugin-0.8.5.jar:/home/slingshot/.m2/repository/org/apache/maven/maven-plugin-api/3.0/maven-plugin-api-3.0.jar:/home/slingshot/.m2/repository/org/sonatype/sisu/sisu-inject-plexus/1.4.2/sisu-inject-plexus-1.4.2.jar:/home/slingshot/.m2/repository/org/sonatype/sisu/sisu-inject-bean/1.4.2/sisu-inject-bean-1.4.2.jar:/home/slingshot/.m2/repository/org/sonatype/sisu/sisu-guice/2.1.7/sisu-guice-2.1.7-noaop.jar:/home/slingshot/.m2/repository/org/apache/maven/maven-core/3.0/maven-core-3.0.jar:/home/slingshot/.m2/repository/org/apache/maven/maven-settings/3.0/maven-settings-3.0.jar:/home/slingshot/.m2/repository/org/apache/maven/maven-settings-builder/3.0/maven-settings-builder-3.0.jar:/home/slingshot/.m2/repository/org/apache/maven/maven-repository-metadata/3.0/maven-repository-metadata-3.0.jar:/home/slingshot/.m2/repository/org/apache/maven/maven-model-builder/3.0/maven-model-builder-3.0.jar:/home/slingshot/.m2/repository/org/apache/maven/maven-aether-provider/3.0/maven-aether-provider-3.0.jar:/home/slingshot/.m2/repository/org/sonatype/aether/aether-impl/1.7/aether-impl-1.7.jar:/home/slingshot/.m2/repository/org/sonatype/aether/aether-spi/1.7/aether-spi-1.7.jar:/home/slingshot/.m2/repository/org/sonatype/aether/aether-api/1.7/aether-api-1.7.jar:/home/slingshot/.m2/repository/org/sonatype/aether/aether-util/1.7/aether-util-1.7.jar:/home/slingshot/.m2/repository/org/codehaus/plexus/plexus-classworlds/2.2.3/plexus-classworlds-2.2.3.jar:/home/slingshot/.m2/repository/org/sonatype/plexus/plexus-sec-dispatcher/1.3/plexus-sec-dispatcher-1.3.jar:/home/slingshot/.m2/repository/org/sonatype/plexus/plexus-cipher/1.4/plexus-cipher-1.4.jar:/home/slingshot/.m2/repository/org/codehaus/plexus/plexus-utils/3.0.22/plexus-utils-3.0.22.jar:/home/slingshot/.m2/repository/org/apache/maven/shared/file-management/1.2.1/file-management-1.2.1.jar:/home/slingshot/.m2/repository/org/apache/maven/reporting/maven-reporting-api/3.0/maven-reporting-api-3.0.jar:/home/slingshot/.m2/repository/org/apache/maven/reporting/maven-reporting-impl/2.1/maven-reporting-impl-2.1.jar:/home/slingshot/.m2/repository/org/apache/maven/maven-project/2.0.10/maven-project-2.0.10.jar:/home/slingshot/.m2/repository/org/apache/maven/maven-profile/2.0.10/maven-profile-2.0.10.jar:/home/slingshot/.m2/repository/org/apache/maven/maven-artifact-manager/2.0.10/maven-artifact-manager-2.0.10.jar:/home/slingshot/.m2/repository/org/apache/maven/maven-plugin-registry/2.0.10/maven-plugin-registry-2.0.10.jar:/home/slingshot/.m2/repository/org/jacoco/org.jacoco.agent/0.8.5/org.jacoco.agent-0.8.5-runtime.jar:/home/slingshot/.m2/repository/org/jacoco/org.jacoco.core/0.8.5/org.jacoco.core-0.8.5.jar:/home/slingshot/.m2/repository/org/jacoco/org.jacoco.report/0.8.5/org.jacoco.report-0.8.5.jar:/home/slingshot/.m2/repository/org/apache/maven/plugins/maven-assembly-plugin/3.2.0/maven-assembly-plugin-3.2.0.jar:/home/slingshot/.m2/repository/org/apache/maven/maven-artifact/3.0/maven-artifact-3.0.jar:/home/slingshot/.m2/repository/org/apache/maven/maven-model/3.0/maven-model-3.0.jar:/home/slingshot/.m2/repository/org/apache/maven/shared/maven-common-artifact-filters/3.1.0/maven-common-artifact-filters-3.1.0.jar:/home/slingshot/.m2/repository/org/apache/maven/shared/maven-shared-utils/3.1.0/maven-shared-utils-3.1.0.jar:/home/slingshot/.m2/repository/org/apache/maven/shared/maven-artifact-transfer/0.11.0/maven-artifact-transfer-0.11.0.jar:/home/slingshot/.m2/repository/org/codehaus/plexus/plexus-interpolation/1.25/plexus-interpolation-1.25.jar:/home/slingshot/.m2/repository/org/codehaus/plexus/plexus-archiver/4.2.1/plexus-archiver-4.2.1.jar:/home/slingshot/.m2/repository/org/apache/commons/commons-compress/1.19/commons-compress-1.19.jar:/home/slingshot/.m2/repository/org/iq80/snappy/snappy/0.4/snappy-0.4.jar:/home/slingshot/.m2/repository/org/tukaani/xz/1.8/xz-1.8.jar:/home/slingshot/.m2/repository/org/apache/maven/shared/maven-shared-io/3.0.0/maven-shared-io-3.0.0.jar:/home/slingshot/.m2/repository/org/apache/maven/maven-compat/3.0/maven-compat-3.0.jar:/home/slingshot/.m2/repository/org/apache/maven/wagon/wagon-provider-api/2.10/wagon-provider-api-2.10.jar:/home/slingshot/.m2/repository/commons-io/commons-io/2.5/commons-io-2.5.jar:/home/slingshot/.m2/repository/org/apache/maven/shared/maven-filtering/3.1.1/maven-filtering-3.1.1.jar:/home/slingshot/.m2/repository/org/sonatype/plexus/plexus-build-api/0.0.7/plexus-build-api-0.0.7.jar:/home/slingshot/.m2/repository/org/codehaus/plexus/plexus-io/3.2.0/plexus-io-3.2.0.jar:/home/slingshot/.m2/repository/org/apache/maven/maven-archiver/3.5.0/maven-archiver-3.5.0.jar:/home/slingshot/.m2/repository/commons-codec/commons-codec/1.6/commons-codec-1.6.jar:/home/slingshot/.m2/repository/org/codehaus/mojo/build-helper-maven-plugin/3.0.0/build-helper-maven-plugin-3.0.0.jar:/home/slingshot/.m2/repository/org/beanshell/bsh/2.0b4/bsh-2.0b4.jar:/home/slingshot/.m2/repository/junit/junit/4.13/junit-4.13.jar:/home/slingshot/.m2/repository/org/hamcrest/hamcrest-core/1.3/hamcrest-core-1.3.jar:/home/slingshot/.m2/repository/ch/qos/logback/logback-classic/1.2.3/logback-classic-1.2.3.jar:/home/slingshot/.m2/repository/org/slf4j/slf4j-api/1.7.25/slf4j-api-1.7.25.jar:/home/slingshot/.m2/repository/ch/qos/logback/logback-core/1.2.3/logback-core-1.2.3.jar:/home/slingshot/.m2/repository/com/github/spotbugs/spotbugs-maven-plugin/3.1.12.2/spotbugs-maven-plugin-3.1.12.2.jar:/home/slingshot/.m2/repository/com/github/spotbugs/spotbugs/3.1.12/spotbugs-3.1.12.jar:/home/slingshot/.m2/repository/org/apache/bcel/bcel/6.3/bcel-6.3.jar:/home/slingshot/.m2/repository/net/jcip/jcip-annotations/1.0/jcip-annotations-1.0.jar:/home/slingshot/.m2/repository/org/dom4j/dom4j/2.1.1/dom4j-2.1.1.jar:/home/slingshot/.m2/repository/jaxen/jaxen/1.1.6/jaxen-1.1.6.jar:/home/slingshot/.m2/repository/commons-lang/commons-lang/2.6/commons-lang-2.6.jar:/home/slingshot/.m2/repository/com/github/spotbugs/spotbugs-annotations/3.1.12/spotbugs-annotations-3.1.12.jar:/home/slingshot/.m2/repository/com/google/code/findbugs/jsr305/3.0.2/jsr305-3.0.2.jar:/home/slingshot/.m2/repository/org/slf4j/slf4j-simple/2.0.0-alpha0/slf4j-simple-2.0.0-alpha0.jar:/home/slingshot/.m2/repository/org/apache/ant/ant/1.10.6/ant-1.10.6.jar:/home/slingshot/.m2/repository/org/apache/ant/ant-launcher/1.10.6/ant-launcher-1.10.6.jar:/home/slingshot/Dev/java/jdk1.8.0_231/jre/../lib/tools.jar:/home/slingshot/.m2/repository/org/codehaus/groovy/groovy/3.0.0-beta-2/groovy-3.0.0-beta-2-indy.jar:/home/slingshot/.m2/repository/org/codehaus/groovy/groovy-ant/3.0.0-beta-2/groovy-ant-3.0.0-beta-2-indy.jar:/home/slingshot/.m2/repository/org/codehaus/groovy/groovy/3.0.0-beta-2/groovy-3.0.0-beta-2.jar:/home/slingshot/.m2/repository/org/codehaus/groovy/groovy-dateutil/3.0.0-beta-2/groovy-dateutil-3.0.0-beta-2-indy.jar:/home/slingshot/.m2/repository/org/codehaus/groovy/groovy-groovydoc/3.0.0-beta-2/groovy-groovydoc-3.0.0-beta-2.jar:/home/slingshot/.m2/repository/org/codehaus/groovy/groovy-templates/3.0.0-beta-2/groovy-templates-3.0.0-beta-2.jar:/home/slingshot/.m2/repository/org/codehaus/groovy/groovy-docgenerator/3.0.0-beta-2/groovy-docgenerator-3.0.0-beta-2.jar:/home/slingshot/.m2/repository/com/thoughtworks/qdox/qdox/1.12.1/qdox-1.12.1.jar:/home/slingshot/.m2/repository/org/codehaus/groovy/groovy-xml/3.0.0-beta-2/groovy-xml-3.0.0-beta-2.jar:/home/slingshot/.m2/repository/org/apache/maven/doxia/doxia-core/1.9/doxia-core-1.9.jar:/home/slingshot/.m2/repository/org/apache/maven/doxia/doxia-logging-api/1.9/doxia-logging-api-1.9.jar:/home/slingshot/.m2/repository/org/apache/httpcomponents/httpclient/4.5.8/httpclient-4.5.8.jar:/home/slingshot/.m2/repository/org/apache/httpcomponents/httpcore/4.4.11/httpcore-4.4.11.jar:/home/slingshot/.m2/repository/org/apache/maven/doxia/doxia-sink-api/1.9/doxia-sink-api-1.9.jar:/home/slingshot/.m2/repository/org/apache/maven/doxia/doxia-decoration-model/1.9.1/doxia-decoration-model-1.9.1.jar:/home/slingshot/.m2/repository/org/apache/maven/doxia/doxia-site-renderer/1.9.1/doxia-site-renderer-1.9.1.jar:/home/slingshot/.m2/repository/org/apache/maven/doxia/doxia-skin-model/1.9.1/doxia-skin-model-1.9.1.jar:/home/slingshot/.m2/repository/org/apache/maven/doxia/doxia-module-xhtml/1.9/doxia-module-xhtml-1.9.jar:/home/slingshot/.m2/repository/org/apache/maven/doxia/doxia-module-xhtml5/1.9/doxia-module-xhtml5-1.9.jar:/home/slingshot/.m2/repository/org/codehaus/plexus/plexus-i18n/1.0-beta-10/plexus-i18n-1.0-beta-10.jar:/home/slingshot/.m2/repository/org/apache/velocity/velocity-tools/2.0/velocity-tools-2.0.jar:/home/slingshot/.m2/repository/oro/oro/2.0.8/oro-2.0.8.jar:/home/slingshot/.m2/repository/sslext/sslext/1.2-0/sslext-1.2-0.jar:/home/slingshot/.m2/repository/org/apache/maven/doxia/doxia-integration-tools/1.9.1/doxia-integration-tools-1.9.1.jar:/home/slingshot/.m2/repository/commons-beanutils/commons-beanutils/1.9.3/commons-beanutils-1.9.3.jar:/home/slingshot/.m2/repository/commons-logging/commons-logging/1.2/commons-logging-1.2.jar:/home/slingshot/.m2/repository/commons-chain/commons-chain/1.2/commons-chain-1.2.jar:/home/slingshot/.m2/repository/commons-collections/commons-collections/3.2.2/commons-collections-3.2.2.jar:/home/slingshot/.m2/repository/commons-digester/commons-digester/2.1/commons-digester-2.1.jar:/home/slingshot/.m2/repository/org/apache/commons/commons-lang3/3.9/commons-lang3-3.9.jar:/home/slingshot/.m2/repository/commons-validator/commons-validator/1.6/commons-validator-1.6.jar:/home/slingshot/.m2/repository/org/codehaus/plexus/plexus-container-default/2.0.0/plexus-container-default-2.0.0.jar:/home/slingshot/.m2/repository/org/apache/xbean/xbean-reflect/3.7/xbean-reflect-3.7.jar:/home/slingshot/.m2/repository/org/codehaus/plexus/plexus-resources/1.1.0/plexus-resources-1.1.0.jar:/home/slingshot/.m2/repository/org/ow2/asm/asm/7.2-beta/asm-7.2-beta.jar:/home/slingshot/.m2/repository/org/ow2/asm/asm-analysis/7.2-beta/asm-analysis-7.2-beta.jar:/home/slingshot/.m2/repository/org/ow2/asm/asm-commons/7.2-beta/asm-commons-7.2-beta.jar:/home/slingshot/.m2/repository/org/ow2/asm/asm-tree/7.2-beta/asm-tree-7.2-beta.jar:/home/slingshot/.m2/repository/org/ow2/asm/asm-util/7.2-beta/asm-util-7.2-beta.jar:/home/slingshot/.m2/repository/org/apache/maven/plugins/maven-checkstyle-plugin/3.1.1/maven-checkstyle-plugin-3.1.1.jar:/home/slingshot/.m2/repository/org/codehaus/plexus/plexus-component-annotations/2.0.0/plexus-component-annotations-2.0.0.jar:/home/slingshot/.m2/repository/org/codehaus/plexus/plexus-velocity/1.2/plexus-velocity-1.2.jar:/home/slingshot/.m2/repository/com/puppycrawl/tools/checkstyle/8.29/checkstyle-8.29.jar:/home/slingshot/.m2/repository/info/picocli/picocli/4.1.4/picocli-4.1.4.jar:/home/slingshot/.m2/repository/antlr/antlr/2.7.7/antlr-2.7.7.jar:/home/slingshot/.m2/repository/org/antlr/antlr4-runtime/4.8-1/antlr4-runtime-4.8-1.jar:/home/slingshot/.m2/repository/com/google/guava/guava/28.2-jre/guava-28.2-jre.jar:/home/slingshot/.m2/repository/com/google/guava/failureaccess/1.0.1/failureaccess-1.0.1.jar:/home/slingshot/.m2/repository/com/google/guava/listenablefuture/9999.0-empty-to-avoid-conflict-with-guava/listenablefuture-9999.0-empty-to-avoid-conflict-with-guava.jar:/home/slingshot/.m2/repository/org/checkerframework/checker-qual/2.10.0/checker-qual-2.10.0.jar:/home/slingshot/.m2/repository/com/google/errorprone/error_prone_annotations/2.3.4/error_prone_annotations-2.3.4.jar:/home/slingshot/.m2/repository/com/google/j2objc/j2objc-annotations/1.3/j2objc-annotations-1.3.jar:/home/slingshot/.m2/repository/net/sf/saxon/Saxon-HE/9.9.1-6/Saxon-HE-9.9.1-6.jar:/home/slingshot/.m2/repository/org/apache/velocity/velocity/1.7/velocity-1.7.jar:"/>
    <property name="java.vm.vendor" value="Oracle Corporation"/>
    <property name="sun.arch.data.model" value="64"/>
    <property name="java.vendor.url" value="http://java.oracle.com/"/>
    <property name="user.timezone" value=""/>
    <property name="java.vm.specification.version" value="1.8"/>
    <property name="os.name" value="Linux"/>
    <property name="user.country" value="FR"/>
    <property name="sun.java.launcher" value="SUN_STANDARD"/>
    <property name="sun.boot.library.path" value="/home/slingshot/Dev/java/jdk1.8.0_231/jre/lib/amd64"/>
    <property name="sun.java.command" value="/home/slingshot/IdeaProjects/Projet4_OC/park/target/surefire/surefirebooter1491544057477622575.jar /home/slingshot/IdeaProjects/Projet4_OC/park/target/surefire 2020-04-01T19-16-33_826-jvmRun1 surefire8639981270013928187tmp surefire_06552951725620763528tmp"/>
    <property name="surefire.test.class.path" value="/home/slingshot/IdeaProjects/Projet4_OC/park/target/test-classes:/home/slingshot/IdeaProjects/Projet4_OC/park/target/classes:/home/slingshot/.m2/repository/org/apache/logging/log4j/log4j-api/2.12.1/log4j-api-2.12.1.jar:/home/slingshot/.m2/repository/org/apache/logging/log4j/log4j-core/2.12.1/log4j-core-2.12.1.jar:/home/slingshot/.m2/repository/mysql/mysql-connector-java/8.0.17/mysql-connector-java-8.0.17.jar:/home/slingshot/.m2/repository/com/google/protobuf/protobuf-java/3.6.1/protobuf-java-3.6.1.jar:/home/slingshot/.m2/repository/org/junit/jupiter/junit-jupiter-api/5.5.1/junit-jupiter-api-5.5.1.jar:/home/slingshot/.m2/repository/org/apiguardian/apiguardian-api/1.1.0/apiguardian-api-1.1.0.jar:/home/slingshot/.m2/repository/org/opentest4j/opentest4j/1.2.0/opentest4j-1.2.0.jar:/home/slingshot/.m2/repository/org/junit/platform/junit-platform-commons/1.5.1/junit-platform-commons-1.5.1.jar:/home/slingshot/.m2/repository/org/junit/jupiter/junit-jupiter-engine/5.5.1/junit-jupiter-engine-5.5.1.jar:/home/slingshot/.m2/repository/org/junit/platform/junit-platform-engine/1.5.1/junit-platform-engine-1.5.1.jar:/home/slingshot/.m2/repository/org/mockito/mockito-junit-jupiter/3.1.0/mockito-junit-jupiter-3.1.0.jar:/home/slingshot/.m2/repository/org/mockito/mockito-core/3.1.0/mockito-core-3.1.0.jar:/home/slingshot/.m2/repository/net/bytebuddy/byte-buddy/1.9.10/byte-buddy-1.9.10.jar:/home/slingshot/.m2/repository/net/bytebuddy/byte-buddy-agent/1.9.10/byte-buddy-agent-1.9.10.jar:/home/slingshot/.m2/repository/org/objenesis/objenesis/2.6/objenesis-2.6.jar:/home/slingshot/.m2/repository/org/jacoco/jacoco-maven-plugin/0.8.5/jacoco-maven-plugin-0.8.5.jar:/home/slingshot/.m2/repository/org/apache/maven/maven-plugin-api/3.0/maven-plugin-api-3.0.jar:/home/slingshot/.m2/repository/org/sonatype/sisu/sisu-inject-plexus/1.4.2/sisu-inject-plexus-1.4.2.jar:/home/slingshot/.m2/repository/org/sonatype/sisu/sisu-inject-bean/1.4.2/sisu-inject-bean-1.4.2.jar:/home/slingshot/.m2/repository/org/sonatype/sisu/sisu-guice/2.1.7/sisu-guice-2.1.7-noaop.jar:/home/slingshot/.m2/repository/org/apache/maven/maven-core/3.0/maven-core-3.0.jar:/home/slingshot/.m2/repository/org/apache/maven/maven-settings/3.0/maven-settings-3.0.jar:/home/slingshot/.m2/repository/org/apache/maven/maven-settings-builder/3.0/maven-settings-builder-3.0.jar:/home/slingshot/.m2/repository/org/apache/maven/maven-repository-metadata/3.0/maven-repository-metadata-3.0.jar:/home/slingshot/.m2/repository/org/apache/maven/maven-model-builder/3.0/maven-model-builder-3.0.jar:/home/slingshot/.m2/repository/org/apache/maven/maven-aether-provider/3.0/maven-aether-provider-3.0.jar:/home/slingshot/.m2/repository/org/sonatype/aether/aether-impl/1.7/aether-impl-1.7.jar:/home/slingshot/.m2/repository/org/sonatype/aether/aether-spi/1.7/aether-spi-1.7.jar:/home/slingshot/.m2/repository/org/sonatype/aether/aether-api/1.7/aether-api-1.7.jar:/home/slingshot/.m2/repository/org/sonatype/aether/aether-util/1.7/aether-util-1.7.jar:/home/slingshot/.m2/repository/org/codehaus/plexus/plexus-classworlds/2.2.3/plexus-classworlds-2.2.3.jar:/home/slingshot/.m2/repository/org/sonatype/plexus/plexus-sec-dispatcher/1.3/plexus-sec-dispatcher-1.3.jar:/home/slingshot/.m2/repository/org/sonatype/plexus/plexus-cipher/1.4/plexus-cipher-1.4.jar:/home/slingshot/.m2/repository/org/codehaus/plexus/plexus-utils/3.0.22/plexus-utils-3.0.22.jar:/home/slingshot/.m2/repository/org/apache/maven/shared/file-management/1.2.1/file-management-1.2.1.jar:/home/slingshot/.m2/repository/org/apache/maven/reporting/maven-reporting-api/3.0/maven-reporting-api-3.0.jar:/home/slingshot/.m2/repository/org/apache/maven/reporting/maven-reporting-impl/2.1/maven-reporting-impl-2.1.jar:/home/slingshot/.m2/repository/org/apache/maven/maven-project/2.0.10/maven-project-2.0.10.jar:/home/slingshot/.m2/repository/org/apache/maven/maven-profile/2.0.10/maven-profile-2.0.10.jar:/home/slingshot/.m2/repository/org/apache/maven/maven-artifact-manager/2.0.10/maven-artifact-manager-2.0.10.jar:/home/slingshot/.m2/repository/org/apache/maven/maven-plugin-registry/2.0.10/maven-plugin-registry-2.0.10.jar:/home/slingshot/.m2/repository/org/jacoco/org.jacoco.agent/0.8.5/org.jacoco.agent-0.8.5-runtime.jar:/home/slingshot/.m2/repository/org/jacoco/org.jacoco.core/0.8.5/org.jacoco.core-0.8.5.jar:/home/slingshot/.m2/repository/org/jacoco/org.jacoco.report/0.8.5/org.jacoco.report-0.8.5.jar:/home/slingshot/.m2/repository/org/apache/maven/plugins/maven-assembly-plugin/3.2.0/maven-assembly-plugin-3.2.0.jar:/home/slingshot/.m2/repository/org/apache/maven/maven-artifact/3.0/maven-artifact-3.0.jar:/home/slingshot/.m2/repository/org/apache/maven/maven-model/3.0/maven-model-3.0.jar:/home/slingshot/.m2/repository/org/apache/maven/shared/maven-common-artifact-filters/3.1.0/maven-common-artifact-filters-3.1.0.jar:/home/slingshot/.m2/repository/org/apache/maven/shared/maven-shared-utils/3.1.0/maven-shared-utils-3.1.0.jar:/home/slingshot/.m2/repository/org/apache/maven/shared/maven-artifact-transfer/0.11.0/maven-artifact-transfer-0.11.0.jar:/home/slingshot/.m2/repository/org/codehaus/plexus/plexus-interpolation/1.25/plexus-interpolation-1.25.jar:/home/slingshot/.m2/repository/org/codehaus/plexus/plexus-archiver/4.2.1/plexus-archiver-4.2.1.jar:/home/slingshot/.m2/repository/org/apache/commons/commons-compress/1.19/commons-compress-1.19.jar:/home/slingshot/.m2/repository/org/iq80/snappy/snappy/0.4/snappy-0.4.jar:/home/slingshot/.m2/repository/org/tukaani/xz/1.8/xz-1.8.jar:/home/slingshot/.m2/repository/org/apache/maven/shared/maven-shared-io/3.0.0/maven-shared-io-3.0.0.jar:/home/slingshot/.m2/repository/org/apache/maven/maven-compat/3.0/maven-compat-3.0.jar:/home/slingshot/.m2/repository/org/apache/maven/wagon/wagon-provider-api/2.10/wagon-provider-api-2.10.jar:/home/slingshot/.m2/repository/commons-io/commons-io/2.5/commons-io-2.5.jar:/home/slingshot/.m2/repository/org/apache/maven/shared/maven-filtering/3.1.1/maven-filtering-3.1.1.jar:/home/slingshot/.m2/repository/org/sonatype/plexus/plexus-build-api/0.0.7/plexus-build-api-0.0.7.jar:/home/slingshot/.m2/repository/org/codehaus/plexus/plexus-io/3.2.0/plexus-io-3.2.0.jar:/home/slingshot/.m2/repository/org/apache/maven/maven-archiver/3.5.0/maven-archiver-3.5.0.jar:/home/slingshot/.m2/repository/commons-codec/commons-codec/1.6/commons-codec-1.6.jar:/home/slingshot/.m2/repository/org/codehaus/mojo/build-helper-maven-plugin/3.0.0/build-helper-maven-plugin-3.0.0.jar:/home/slingshot/.m2/repository/org/beanshell/bsh/2.0b4/bsh-2.0b4.jar:/home/slingshot/.m2/repository/junit/junit/4.13/junit-4.13.jar:/home/slingshot/.m2/repository/org/hamcrest/hamcrest-core/1.3/hamcrest-core-1.3.jar:/home/slingshot/.m2/repository/ch/qos/logback/logback-classic/1.2.3/logback-classic-1.2.3.jar:/home/slingshot/.m2/repository/org/slf4j/slf4j-api/1.7.25/slf4j-api-1.7.25.jar:/home/slingshot/.m2/repository/ch/qos/logback/logback-core/1.2.3/logback-core-1.2.3.jar:/home/slingshot/.m2/repository/com/github/spotbugs/spotbugs-maven-plugin/3.1.12.2/spotbugs-maven-plugin-3.1.12.2.jar:/home/slingshot/.m2/repository/com/github/spotbugs/spotbugs/3.1.12/spotbugs-3.1.12.jar:/home/slingshot/.m2/repository/org/apache/bcel/bcel/6.3/bcel-6.3.jar:/home/slingshot/.m2/repository/net/jcip/jcip-annotations/1.0/jcip-annotations-1.0.jar:/home/slingshot/.m2/repository/org/dom4j/dom4j/2.1.1/dom4j-2.1.1.jar:/home/slingshot/.m2/repository/jaxen/jaxen/1.1.6/jaxen-1.1.6.jar:/home/slingshot/.m2/repository/commons-lang/commons-lang/2.6/commons-lang-2.6.jar:/home/slingshot/.m2/repository/com/github/spotbugs/spotbugs-annotations/3.1.12/spotbugs-annotations-3.1.12.jar:/home/slingshot/.m2/repository/com/google/code/findbugs/jsr305/3.0.2/jsr305-3.0.2.jar:/home/slingshot/.m2/repository/org/slf4j/slf4j-simple/2.0.0-alpha0/slf4j-simple-2.0.0-alpha0.jar:/home/slingshot/.m2/repository/org/apache/ant/ant/1.10.6/ant-1.10.6.jar:/home/slingshot/.m2/repository/org/apache/ant/ant-launcher/1.10.6/ant-launcher-1.10.6.jar:/home/slingshot/Dev/java/jdk1.8.0_231/jre/../lib/tools.jar:/home/slingshot/.m2/repository/org/codehaus/groovy/groovy/3.0.0-beta-2/groovy-3.0.0-beta-2-indy.jar:/home/slingshot/.m2/repository/org/codehaus/groovy/groovy-ant/3.0.0-beta-2/groovy-ant-3.0.0-beta-2-indy.jar:/home/slingshot/.m2/repository/org/codehaus/groovy/groovy/3.0.0-beta-2/groovy-3.0.0-beta-2.jar:/home/slingshot/.m2/repository/org/codehaus/groovy/groovy-dateutil/3.0.0-beta-2/groovy-dateutil-3.0.0-beta-2-indy.jar:/home/slingshot/.m2/repository/org/codehaus/groovy/groovy-groovydoc/3.0.0-beta-2/groovy-groovydoc-3.0.0-beta-2.jar:/home/slingshot/.m2/repository/org/codehaus/groovy/groovy-templates/3.0.0-beta-2/groovy-templates-3.0.0-beta-2.jar:/home/slingshot/.m2/repository/org/codehaus/groovy/groovy-docgenerator/3.0.0-beta-2/groovy-docgenerator-3.0.0-beta-2.jar:/home/slingshot/.m2/repository/com/thoughtworks/qdox/qdox/1.12.1/qdox-1.12.1.jar:/home/slingshot/.m2/repository/org/codehaus/groovy/groovy-xml/3.0.0-beta-2/groovy-xml-3.0.0-beta-2.jar:/home/slingshot/.m2/repository/org/apache/maven/doxia/doxia-core/1.9/doxia-core-1.9.jar:/home/slingshot/.m2/repository/org/apache/maven/doxia/doxia-logging-api/1.9/doxia-logging-api-1.9.jar:/home/slingshot/.m2/repository/org/apache/httpcomponents/httpclient/4.5.8/httpclient-4.5.8.jar:/home/slingshot/.m2/repository/org/apache/httpcomponents/httpcore/4.4.11/httpcore-4.4.11.jar:/home/slingshot/.m2/repository/org/apache/maven/doxia/doxia-sink-api/1.9/doxia-sink-api-1.9.jar:/home/slingshot/.m2/repository/org/apache/maven/doxia/doxia-decoration-model/1.9.1/doxia-decoration-model-1.9.1.jar:/home/slingshot/.m2/repository/org/apache/maven/doxia/doxia-site-renderer/1.9.1/doxia-site-renderer-1.9.1.jar:/home/slingshot/.m2/repository/org/apache/maven/doxia/doxia-skin-model/1.9.1/doxia-skin-model-1.9.1.jar:/home/slingshot/.m2/repository/org/apache/maven/doxia/doxia-module-xhtml/1.9/doxia-module-xhtml-1.9.jar:/home/slingshot/.m2/repository/org/apache/maven/doxia/doxia-module-xhtml5/1.9/doxia-module-xhtml5-1.9.jar:/home/slingshot/.m2/repository/org/codehaus/plexus/plexus-i18n/1.0-beta-10/plexus-i18n-1.0-beta-10.jar:/home/slingshot/.m2/repository/org/apache/velocity/velocity-tools/2.0/velocity-tools-2.0.jar:/home/slingshot/.m2/repository/oro/oro/2.0.8/oro-2.0.8.jar:/home/slingshot/.m2/repository/sslext/sslext/1.2-0/sslext-1.2-0.jar:/home/slingshot/.m2/repository/org/apache/maven/doxia/doxia-integration-tools/1.9.1/doxia-integration-tools-1.9.1.jar:/home/slingshot/.m2/repository/commons-beanutils/commons-beanutils/1.9.3/commons-beanutils-1.9.3.jar:/home/slingshot/.m2/repository/commons-logging/commons-logging/1.2/commons-logging-1.2.jar:/home/slingshot/.m2/repository/commons-chain/commons-chain/1.2/commons-chain-1.2.jar:/home/slingshot/.m2/repository/commons-collections/commons-collections/3.2.2/commons-collections-3.2.2.jar:/home/slingshot/.m2/repository/commons-digester/commons-digester/2.1/commons-digester-2.1.jar:/home/slingshot/.m2/repository/org/apache/commons/commons-lang3/3.9/commons-lang3-3.9.jar:/home/slingshot/.m2/repository/commons-validator/commons-validator/1.6/commons-validator-1.6.jar:/home/slingshot/.m2/repository/org/codehaus/plexus/plexus-container-default/2.0.0/plexus-container-default-2.0.0.jar:/home/slingshot/.m2/repository/org/apache/xbean/xbean-reflect/3.7/xbean-reflect-3.7.jar:/home/slingshot/.m2/repository/org/codehaus/plexus/plexus-resources/1.1.0/plexus-resources-1.1.0.jar:/home/slingshot/.m2/repository/org/ow2/asm/asm/7.2-beta/asm-7.2-beta.jar:/home/slingshot/.m2/repository/org/ow2/asm/asm-analysis/7.2-beta/asm-analysis-7.2-beta.jar:/home/slingshot/.m2/repository/org/ow2/asm/asm-commons/7.2-beta/asm-commons-7.2-beta.jar:/home/slingshot/.m2/repository/org/ow2/asm/asm-tree/7.2-beta/asm-tree-7.2-beta.jar:/home/slingshot/.m2/repository/org/ow2/asm/asm-util/7.2-beta/asm-util-7.2-beta.jar:/home/slingshot/.m2/repository/org/apache/maven/plugins/maven-checkstyle-plugin/3.1.1/maven-checkstyle-plugin-3.1.1.jar:/home/slingshot/.m2/repository/org/codehaus/plexus/plexus-component-annotations/2.0.0/plexus-component-annotations-2.0.0.jar:/home/slingshot/.m2/repository/org/codehaus/plexus/plexus-velocity/1.2/plexus-velocity-1.2.jar:/home/slingshot/.m2/repository/com/puppycrawl/tools/checkstyle/8.29/checkstyle-8.29.jar:/home/slingshot/.m2/repository/info/picocli/picocli/4.1.4/picocli-4.1.4.jar:/home/slingshot/.m2/repository/antlr/antlr/2.7.7/antlr-2.7.7.jar:/home/slingshot/.m2/repository/org/antlr/antlr4-runtime/4.8-1/antlr4-runtime-4.8-1.jar:/home/slingshot/.m2/repository/com/google/guava/guava/28.2-jre/guava-28.2-jre.jar:/home/slingshot/.m2/repository/com/google/guava/failureaccess/1.0.1/failureaccess-1.0.1.jar:/home/slingshot/.m2/repository/com/google/guava/listenablefuture/9999.0-empty-to-avoid-conflict-with-guava/listenablefuture-9999.0-empty-to-avoid-conflict-with-guava.jar:/home/slingshot/.m2/repository/org/checkerframework/checker-qual/2.10.0/checker-qual-2.10.0.jar:/home/slingshot/.m2/repository/com/google/errorprone/error_prone_annotations/2.3.4/error_prone_annotations-2.3.4.jar:/home/slingshot/.m2/repository/com/google/j2objc/j2objc-annotations/1.3/j2objc-annotations-1.3.jar:/home/slingshot/.m2/repository/net/sf/saxon/Saxon-HE/9.9.1-6/Saxon-HE-9.9.1-6.jar:/home/slingshot/.m2/repository/org/apache/velocity/velocity/1.7/velocity-1.7.jar:"/>
    <property name="sun.cpu.endian" value="little"/>
    <property name="user.home" value="/home/slingshot"/>
    <property name="user.language" value="fr"/>
    <property name="java.specification.vendor" value="Oracle Corporation"/>
    <property name="java.home" value="/home/slingshot/Dev/java/jdk1.8.0_231/jre"/>
    <property name="basedir" value="/home/slingshot/IdeaProjects/Projet4_OC/park"/>
    <property name="file.separator" value="/"/>
    <property name="line.separator" value="&#10;"/>
    <property name="java.vm.specification.vendor" value="Oracle Corporation"/>
    <property name="java.specification.name" value="Java Platform API Specification"/>
    <property name="java.awt.graphicsenv" value="sun.awt.X11GraphicsEnvironment"/>
    <property name="surefire.real.class.path" value="/home/slingshot/IdeaProjects/Projet4_OC/park/target/surefire/surefirebooter1491544057477622575.jar:/home/slingshot/.m2/repository/org/jacoco/org.jacoco.agent/0.8.5/org.jacoco.agent-0.8.5-runtime.jar"/>
    <property name="sun.boot.class.path" value="/home/slingshot/Dev/java/jdk1.8.0_231/jre/lib/resources.jar:/home/slingshot/Dev/java/jdk1.8.0_231/jre/lib/rt.jar:/home/slingshot/Dev/java/jdk1.8.0_231/jre/lib/sunrsasign.jar:/home/slingshot/Dev/java/jdk1.8.0_231/jre/lib/jsse.jar:/home/slingshot/Dev/java/jdk1.8.0_231/jre/lib/jce.jar:/home/slingshot/Dev/java/jdk1.8.0_231/jre/lib/charsets.jar:/home/slingshot/Dev/java/jdk1.8.0_231/jre/lib/jfr.jar:/home/slingshot/Dev/java/jdk1.8.0_231/jre/classes"/>
    <property name="sun.management.compiler" value="HotSpot 64-Bit Tiered Compilers"/>
    <property name="java.runtime.version" value="1.8.0_231-b11"/>
    <property name="user.name" value="slingshot"/>
    <property name="path.separator" value=":"/>
    <property name="os.version" value="5.3.0-45-generic"/>
    <property name="java.endorsed.dirs" value="/home/slingshot/Dev/java/jdk1.8.0_231/jre/lib/endorsed"/>
    <property name="java.runtime.name" value="Java(TM) SE Runtime Environment"/>
    <property name="file.encoding" value="UTF-8"/>
    <property name="java.vm.name" value="Java HotSpot(TM) 64-Bit Server VM"/>
    <property name="localRepository" value="/home/slingshot/.m2/repository"/>
    <property name="java.vendor.url.bug" value="http://bugreport.sun.com/bugreport/"/>
    <property name="java.io.tmpdir" value="/home/slingshot/.var/app/com.jetbrains.IntelliJ-IDEA-Ultimate/cache/tmp/"/>
    <property name="java.version" value="1.8.0_231"/>
    <property name="user.dir" value="/home/slingshot/IdeaProjects/Projet4_OC/park"/>
    <property name="os.arch" value="amd64"/>
    <property name="java.vm.specification.name" value="Java Virtual Machine Specification"/>
    <property name="java.awt.printerjob" value="sun.print.PSPrinterJob"/>
    <property name="sun.os.patch.level" value="unknown"/>
    <property name="java.library.path" value="/usr/java/packages/lib/amd64:/usr/lib64:/lib64:/lib:/usr/lib"/>
    <property name="java.vm.info" value="mixed mode"/>
    <property name="java.vendor" value="Oracle Corporation"/>
    <property name="java.vm.version" value="25.231-b11"/>
    <property name="java.ext.dirs" value="/home/slingshot/Dev/java/jdk1.8.0_231/jre/lib/ext:/usr/java/packages/lib/ext"/>
    <property name="sun.io.unicode.encoding" value="UnicodeLittle"/>
    <property name="java.class.version" value="52.0"/>
  </properties>
  <testcase name="calculateFareCarWithLessThanOneHourParkingTime" classname="com.parkit.parkingsystem.service.FareCalculatorServiceTest" time="0"/>
  <testcase name="calculateFareBikeWithLessThan30MinParkingTime" classname="com.parkit.parkingsystem.service.FareCalculatorServiceTest" time="0.002"/>
  <testcase name="calculateFareCarWithLessThan30MinParkingTime" classname="com.parkit.parkingsystem.service.FareCalculatorServiceTest" time="0"/>
  <testcase name="calculateFareCarWith30MinParkingTime" classname="com.parkit.parkingsystem.service.FareCalculatorServiceTest" time="0"/>
  <testcase name="calculateFareBikeRecurentTwoHoursParkingTime" classname="com.parkit.parkingsystem.service.FareCalculatorServiceTest" time="0.001"/>
  <testcase name="calculateFareUnkownType" classname="com.parkit.parkingsystem.service.FareCalculatorServiceTest" time="0"/>
  <testcase name="calculateFareCar" classname="com.parkit.parkingsystem.service.FareCalculatorServiceTest" time="0"/>
  <testcase name="calculateFareBike" classname="com.parkit.parkingsystem.service.FareCalculatorServiceTest" time="0"/>
  <testcase name="calculateFareBikeWith30MinParkingTime" classname="com.parkit.parkingsystem.service.FareCalculatorServiceTest" time="0.001"/>
  <testcase name="calculateFareCarWithMoreThanADayParkingTime" classname="com.parkit.parkingsystem.service.FareCalculatorServiceTest" time="0.001"/>
  <testcase name="calculateFareBikeWithLessThanOneHourParkingTime" classname="com.parkit.parkingsystem.service.FareCalculatorServiceTest" time="0"/>
  <testcase name="calculateFareCarRecurentTwoHoursParkingTime" classname="com.parkit.parkingsystem.service.FareCalculatorServiceTest" time="0"/>
  <testcase name="calculateFareBikeWithFutureInTime" classname="com.parkit.parkingsystem.service.FareCalculatorServiceTest" time="0"/>
</testsuite>